0 verbose cli C:\Program Files\nodejs\node.exe C:\Users\sopno\AppData\Roaming\npm\node_modules\npm\bin\npm-cli.js
1 info using npm@8.13.2
2 info using node@v16.15.0
3 timing npm:load:whichnode Completed in 1ms
4 timing config:load:defaults Completed in 4ms
5 timing config:load:file:C:\Users\sopno\AppData\Roaming\npm\node_modules\npm\npmrc Completed in 5ms
6 timing config:load:builtin Completed in 5ms
7 timing config:load:cli Completed in 4ms
8 timing config:load:env Completed in 2ms
9 verbose config error loading project config [Error: EISDIR: illegal operation on a directory, read] {
9 verbose config   errno: -4068,
9 verbose config   code: 'EISDIR',
9 verbose config   syscall: 'read'
9 verbose config }
10 timing config:load:file:D:\MIU ComPro\WAA-Umur-Inan\FinalProject\waa_final_project_frontend\.npmrc Completed in 7ms
11 timing config:load:project Completed in 11ms
12 timing config:load:file:C:\Users\sopno\.npmrc Completed in 0ms
13 timing config:load:user Completed in 1ms
14 timing config:load:file:C:\Users\sopno\AppData\Roaming\npm\etc\npmrc Completed in 2ms
15 timing config:load:global Completed in 2ms
16 timing config:load:validate Completed in 1ms
17 timing config:load:credentials Completed in 3ms
18 timing config:load:setEnvs Completed in 3ms
19 timing config:load Completed in 38ms
20 timing npm:load:configload Completed in 38ms
21 timing npm:load:mkdirpcache Completed in 2ms
22 timing npm:load:mkdirplogs Completed in 1ms
23 verbose title npm start
24 verbose argv "start"
25 timing npm:load:setTitle Completed in 3ms
26 timing config:load:flatten Completed in 14ms
27 timing npm:load:display Completed in 21ms
28 verbose logfile logs-max:10 dir:D:\MIU ComPro\WAA-Umur-Inan\FinalProject\waa_final_project_frontend\.npmrc\_logs
29 verbose logfile D:\MIU ComPro\WAA-Umur-Inan\FinalProject\waa_final_project_frontend\.npmrc\_logs\2022-07-08T17_04_09_493Z-debug-0.log
30 timing npm:load:logFile Completed in 18ms
31 timing npm:load:timers Completed in 0ms
32 timing npm:load:configScope Completed in 1ms
33 timing npm:load Completed in 89ms
34 silly logfile done cleaning log files
35 timing command:run-script Completed in 305ms
36 timing command:start Completed in 323ms
37 verbose exit 1
38 timing npm Completed in 433ms
39 verbose code 1
